0 info it worked if it ends with ok
1 verbose cli [ 'node', '/usr/bin/npm', 'install', 'strongloop/node-soap' ]
2 info using npm@3.5.3
3 info using node@v0.10.41
4 silly loadCurrentTree Starting
5 silly install loadCurrentTree
6 silly install readLocalPackageData
7 silly fetchPackageMetaData strongloop/node-soap
8 silly fetchOtherPackageData strongloop/node-soap
9 silly cache add args [ 'strongloop/node-soap', null ]
10 verbose cache add spec strongloop/node-soap
11 silly cache add parsed spec { raw: 'strongloop/node-soap',
11 silly cache add   scope: null,
11 silly cache add   name: null,
11 silly cache add   rawSpec: 'strongloop/node-soap',
11 silly cache add   spec: 'github:strongloop/node-soap',
11 silly cache add   type: 'hosted',
11 silly cache add   hosted:
11 silly cache add    { type: 'github',
11 silly cache add      ssh: 'git@github.com:strongloop/node-soap.git',
11 silly cache add      sshUrl: 'git+ssh://git@github.com/strongloop/node-soap.git',
11 silly cache add      httpsUrl: 'git+https://github.com/strongloop/node-soap.git',
11 silly cache add      gitUrl: 'git://github.com/strongloop/node-soap.git',
11 silly cache add      shortcut: 'github:strongloop/node-soap',
11 silly cache add      directUrl: 'https://raw.githubusercontent.com/strongloop/node-soap/master/package.json' } }
12 verbose addRemoteGit caching strongloop/node-soap
13 verbose addRemoteGit strongloop/node-soap is a repository hosted by github
14 silly tryGitProto attempting to clone git://github.com/strongloop/node-soap.git
15 silly tryClone cloning strongloop/node-soap via git://github.com/strongloop/node-soap.git
16 verbose tryClone git-github-com-strongloop-node-soap-git-242f7f78 not in flight; caching
17 verbose makeDirectory /root/.npm/_git-remotes creation not in flight; initializing
18 silly makeDirectory /root/.npm/_git-remotes uid: 0 gid: 0
19 verbose git clone --template=/root/.npm/_git-remotes/_templates --mirror git://github.com/strongloop/node-soap.git /root/.npm/_git-remotes/git-github-com-strongloop-node-soap-git-242f7f78: undefined
19 verbose git clone --template=/root/.npm/_git-remotes/_templates --mirror git://github.com/strongloop/node-soap.git /root/.npm/_git-remotes/git-github-com-strongloop-node-soap-git-242f7f78: undefined
20 silly tryHTTPS attempting to clone git+https://github.com/strongloop/node-soap.git
21 silly tryClone cloning strongloop/node-soap via git+https://github.com/strongloop/node-soap.git
22 verbose tryClone git-https-github-com-strongloop-node-soap-git-06776c76 not in flight; caching
23 verbose git clone --template=/root/.npm/_git-remotes/_templates --mirror https://github.com/strongloop/node-soap.git /root/.npm/_git-remotes/git-https-github-com-strongloop-node-soap-git-06776c76: undefined
23 verbose git clone --template=/root/.npm/_git-remotes/_templates --mirror https://github.com/strongloop/node-soap.git /root/.npm/_git-remotes/git-https-github-com-strongloop-node-soap-git-06776c76: undefined
24 silly trySSH attempting to clone git@github.com:strongloop/node-soap.git
25 silly tryClone cloning strongloop/node-soap via git@github.com:strongloop/node-soap.git
26 verbose tryClone git-github-com-strongloop-node-soap-git-c0c32cef not in flight; caching
27 error git clone --template=/root/.npm/_git-remotes/_templates --mirror git@github.com:strongloop/node-soap.git /root/.npm/_git-remotes/git-github-com-strongloop-node-soap-git-c0c32cef: undefined
27 error git clone --template=/root/.npm/_git-remotes/_templates --mirror git@github.com:strongloop/node-soap.git /root/.npm/_git-remotes/git-github-com-strongloop-node-soap-git-c0c32cef: undefined
28 silly fetchPackageMetaData Error: not found: git
28 silly fetchPackageMetaData     at F (/usr/lib/node_modules/npm/node_modules/which/which.js:78:19)
28 silly fetchPackageMetaData     at E (/usr/lib/node_modules/npm/node_modules/which/which.js:82:29)
28 silly fetchPackageMetaData     at /usr/lib/node_modules/npm/node_modules/which/which.js:93:16
28 silly fetchPackageMetaData     at Object.oncomplete (fs.js:108:15)
28 silly fetchPackageMetaData  error for strongloop/node-soap { [Error: not found: git] code: 'ENOGIT' }
29 silly rollbackFailedOptional Starting
30 silly rollbackFailedOptional Finishing
31 silly runTopLevelLifecycles Starting
32 silly runTopLevelLifecycles Finishing
33 silly install printInstalled
34 verbose stack Error: not found: git
34 verbose stack     at F (/usr/lib/node_modules/npm/node_modules/which/which.js:78:19)
34 verbose stack     at E (/usr/lib/node_modules/npm/node_modules/which/which.js:82:29)
34 verbose stack     at /usr/lib/node_modules/npm/node_modules/which/which.js:93:16
34 verbose stack     at Object.oncomplete (fs.js:108:15)
35 verbose cwd /root/gta1/node_modules/loopback-connector-soap
36 error Linux 2.6.32-431.el6.x86_64
37 error argv "node" "/usr/bin/npm" "install" "strongloop/node-soap"
38 error node v0.10.41
39 error npm  v3.5.3
40 error code ENOGIT
41 error not found: git
42 error Failed using git.
42 error This is most likely not a problem with npm itself.
42 error Please check if you have git installed and in your PATH.
43 verbose exit [ 1, true ]
